# JRE version: Java(TM) SE Runtime Environment (8.0_201-b09) (build 1.8.0_201-b09)
# Java VM: Java HotSpot(TM) Client VM (25.201-b09 mixed mode, sharing windows-x86 )
Heap:
 def new generation   total 6080K, used 481K [0x04a00000, 0x05090000, 0x09f50000)
  eden space 5440K,   6% used [0x04a00000, 0x04a51e18, 0x04f50000)
  from space 640K,  23% used [0x04ff0000, 0x05016638, 0x05090000)
  to   space 640K,   0% used [0x04f50000, 0x04f50000, 0x04ff0000)
 tenured generation   total 13356K, used 8012K [0x09f50000, 0x0ac5b000, 0x14a00000)
   the space 13356K,  59% used [0x09f50000, 0x0a7232d0, 0x0a723400, 0x0ac5b000)
 Metaspace       used 8539K, capacity 9353K, committed 9472K, reserved 9600K
GC Heap History (10 events):
Event: 7.813 GC heap before
{Heap before GC invocations=22 (full 0):
 def new generation   total 4928K, used 4928K [0x04a00000, 0x04f50000, 0x09f50000)
  eden space 4416K, 100% used [0x04a00000, 0x04e50000, 0x04e50000)
  from space 512K, 100% used [0x04e50000, 0x04ed0000, 0x04ed0000)
  to   space 512K,   0% used [0x04ed0000, 0x04ed0000, 0x04f50000)
 tenured generation   total 10944K, used 7895K [0x09f50000, 0x0aa00000, 0x14a00000)
   the space 10944K,  72% used [0x09f50000, 0x0a705c48, 0x0a705e00, 0x0aa00000)
 Metaspace       used 8405K, capacity 9205K, committed 9216K, reserved 9600K
Event: 7.817 GC heap after
Heap after GC invocations=23 (full 0):
 def new generation   total 4928K, used 511K [0x04a00000, 0x04f50000, 0x09f50000)
  eden space 4416K,   0% used [0x04a00000, 0x04a00000, 0x04e50000)
  from space 512K,  99% used [0x04ed0000, 0x04f4fff8, 0x04f50000)
  to   space 512K,   0% used [0x04e50000, 0x04e50000, 0x04ed0000)
 tenured generation   total 10944K, used 9452K [0x09f50000, 0x0aa00000, 0x14a00000)
   the space 10944K,  86% used [0x09f50000, 0x0a88b098, 0x0a88b200, 0x0aa00000)
 Metaspace       used 8405K, capacity 9205K, committed 9216K, reserved 9600K
}
Event: 7.871 GC heap before
{Heap before GC invocations=23 (full 0):
 def new generation   total 4928K, used 4927K [0x04a00000, 0x04f50000, 0x09f50000)
  eden space 4416K, 100% used [0x04a00000, 0x04e50000, 0x04e50000)
  from space 512K,  99% used [0x04ed0000, 0x04f4fff8, 0x04f50000)
  to   space 512K,   0% used [0x04e50000, 0x04e50000, 0x04ed0000)
 tenured generation   total 10944K, used 9452K [0x09f50000, 0x0aa00000, 0x14a00000)
   the space 10944K,  86% used [0x09f50000, 0x0a88b098, 0x0a88b200, 0x0aa00000)
 Metaspace       used 8405K, capacity 9205K, committed 9216K, reserved 9600K
Event: 7.872 GC heap after
Heap after GC invocations=24 (full 0):
 def new generation   total 4928K, used 0K [0x04a00000, 0x04f50000, 0x09f50000)
  eden space 4416K,   0% used [0x04a00000, 0x04a00000, 0x04e50000)
  from space 512K,   0% used [0x04e50000, 0x04e50038, 0x04ed0000)
  to   space 512K,   0% used [0x04ed0000, 0x04ed0000, 0x04f50000)
 tenured generation   total 10944K, used 9964K [0x09f50000, 0x0aa00000, 0x14a00000)
   the space 10944K,  91% used [0x09f50000, 0x0a90b040, 0x0a90b200, 0x0aa00000)
 Metaspace       used 8405K, capacity 9205K, committed 9216K, reserved 9600K
}
Event: 7.888 GC heap before
{Heap before GC invocations=24 (full 0):
 def new generation   total 4928K, used 4416K [0x04a00000, 0x04f50000, 0x09f50000)
  eden space 4416K, 100% used [0x04a00000, 0x04e50000, 0x04e50000)
  from space 512K,   0% used [0x04e50000, 0x04e50038, 0x04ed0000)
  to   space 512K,   0% used [0x04ed0000, 0x04ed0000, 0x04f50000)
 tenured generation   total 10944K, used 9964K [0x09f50000, 0x0aa00000, 0x14a00000)
   the space 10944K,  91% used [0x09f50000, 0x0a90b040, 0x0a90b200, 0x0aa00000)
 Metaspace       used 8407K, capacity 9205K, committed 9216K, reserved 9600K
Event: 7.890 GC heap after
Heap after GC invocations=25 (full 0):
 def new generation   total 4928K, used 512K [0x04a00000, 0x04f50000, 0x09f50000)
  eden space 4416K,   0% used [0x04a00000, 0x04a00000, 0x04e50000)
  from space 512K, 100% used [0x04ed0000, 0x04f50000, 0x04f50000)
  to   space 512K,   0% used [0x04e50000, 0x04e50000, 0x04ed0000)
 tenured generation   total 10944K, used 10895K [0x09f50000, 0x0aa00000, 0x14a00000)
   the space 10944K,  99% used [0x09f50000, 0x0a9f3f08, 0x0a9f4000, 0x0aa00000)
 Metaspace       used 8407K, capacity 9205K, committed 9216K, reserved 9600K
}
Event: 13.127 GC heap before
{Heap before GC invocations=25 (full 0):
 def new generation   total 4928K, used 4928K [0x04a00000, 0x04f50000, 0x09f50000)
  eden space 4416K, 100% used [0x04a00000, 0x04e50000, 0x04e50000)
  from space 512K, 100% used [0x04ed0000, 0x04f50000, 0x04f50000)
  to   space 512K,   0% used [0x04e50000, 0x04e50000, 0x04ed0000)
 tenured generation   total 10944K, used 10895K [0x09f50000, 0x0aa00000, 0x14a00000)
   the space 10944K,  99% used [0x09f50000, 0x0a9f3f08, 0x0a9f4000, 0x0aa00000)
 Metaspace       used 8407K, capacity 9205K, committed 9216K, reserved 9600K
Event: 13.143 GC heap after
Heap after GC invocations=26 (full 1):
 def new generation   total 6080K, used 0K [0x04a00000, 0x05090000, 0x09f50000)
  eden space 5440K,   0% used [0x04a00000, 0x04a00000, 0x04f50000)
  from space 640K,   0% used [0x04f50000, 0x04f50000, 0x04ff0000)
  to   space 640K,   0% used [0x04ff0000, 0x04ff0000, 0x05090000)
 tenured generation   total 13356K, used 8012K [0x09f50000, 0x0ac5b000, 0x14a00000)
   the space 13356K,  59% used [0x09f50000, 0x0a7232d0, 0x0a723400, 0x0ac5b000)
 Metaspace       used 8407K, capacity 9205K, committed 9216K, reserved 9600K
}
Event: 109.907 GC heap before
{Heap before GC invocations=26 (full 1):
 def new generation   total 6080K, used 5440K [0x04a00000, 0x05090000, 0x09f50000)
  eden space 5440K, 100% used [0x04a00000, 0x04f50000, 0x04f50000)
  from space 640K,   0% used [0x04f50000, 0x04f50000, 0x04ff0000)
  to   space 640K,   0% used [0x04ff0000, 0x04ff0000, 0x05090000)
 tenured generation   total 13356K, used 8012K [0x09f50000, 0x0ac5b000, 0x14a00000)
   the space 13356K,  59% used [0x09f50000, 0x0a7232d0, 0x0a723400, 0x0ac5b000)
 Metaspace       used 8528K, capacity 9333K, committed 9344K, reserved 9600K
Event: 109.908 GC heap after
Heap after GC invocations=27 (full 1):
 def new generation   total 6080K, used 153K [0x04a00000, 0x05090000, 0x09f50000)
  eden space 5440K,   0% used [0x04a00000, 0x04a00000, 0x04f50000)
  from space 640K,  23% used [0x04ff0000, 0x05016638, 0x05090000)
  to   space 640K,   0% used [0x04f50000, 0x04f50000, 0x04ff0000)
 tenured generation   total 13356K, used 8012K [0x09f50000, 0x0ac5b000, 0x14a00000)
   the space 13356K,  59% used [0x09f50000, 0x0a7232d0, 0x0a723400, 0x0ac5b000)
 Metaspace       used 8528K, capacity 9333K, committed 9344K, reserved 9600K
}

